#
# There is insufficient memory for the Java Runtime Environment to continue.
# Native memory allocation (malloc) failed to allocate 1280816 bytes for Chunk::new
# Possible reasons:
#   The system is out of physical RAM or swap space
#   The process is running with CompressedOops enabled, and the Java Heap may be blocking the growth of the native heap
# Possible solutions:
#   Reduce memory load on the system
#   Increase physical memory or swap space
#   Check if swap backing store is full
#   Decrease Java heap size (-Xmx/-Xms)
#   Decrease number of Java threads
#   Decrease Java thread stack sizes (-Xss)
#   Set larger code cache with -XX:ReservedCodeCacheSize=
#   JVM is running with Unscaled Compressed Oops mode in which the Java heap is
#     placed in the first 4GB address space. The Java Heap base address is the
#     maximum limit for the native heap growth. Please use -XX:HeapBaseMinAddress
#     to set the Java Heap base and to place the Java Heap above 4GB virtual address.
# This output file may be truncated or incomplete.
#
#  Out of Memory Error (allocation.cpp:389), pid=8068, tid=0x0000000000003b04
#
# JRE version: OpenJDK Runtime Environment (8.0_242-b01) (build 1.8.0_242-release-1644-b01)
# Java VM: OpenJDK 64-Bit Server VM (25.242-b01 mixed mode windows-amd64 compressed oops)
# Failed to write core dump. Minidumps are not enabled by default on client versions of Windows
#

---------------  T H R E A D  ---------------

Current thread (0x0000000016697800):  JavaThread "C2 CompilerThread2" daemon [_thread_in_native, id=15108, stack(0x0000000017160000,0x0000000017260000)]

Stack: [0x0000000017160000,0x0000000017260000]
[error occurred during error reporting (printing stack bounds), id 0xc0000005]

Native frames: (J=compiled Java code, j=interpreted, Vv=VM code, C=native code)


Current CompileTask:
C2: 194967 21238 %     4       com.android.tools.r8.ir.regalloc.a::a @ 2154 (3992 bytes)


---------------  P R O C E S S  ---------------

Java Threads: ( => current thread )
  0x00000000348c3800 JavaThread "ForkJoinPool-3-worker-0" daemon [_thread_blocked, id=17344, stack(0x000000003b8f0000,0x000000003b9f0000)]
  0x00000000348c2000 JavaThread "ForkJoinPool-3-worker-7" daemon [_thread_blocked, id=12620, stack(0x000000003ba10000,0x000000003bb10000)]
  0x00000000348c5000 JavaThread "ForkJoinPool-3-worker-6" daemon [_thread_blocked, id=1164, stack(0x000000003b7f0000,0x000000003b8f0000)]
  0x00000000348c3000 JavaThread "ForkJoinPool-3-worker-5" daemon [_thread_blocked, id=7052, stack(0x000000003b6f0000,0x000000003b7f0000)]
  0x00000000348c4800 JavaThread "ForkJoinPool-3-worker-4" daemon [_thread_blocked, id=3720, stack(0x0000000037660000,0x0000000037760000)]
  0x00000000348c1800 JavaThread "ForkJoinPool-3-worker-3" daemon [_thread_blocked, id=1620, stack(0x0000000037560000,0x0000000037660000)]
  0x00000000348c0800 JavaThread "ForkJoinPool-3-worker-2" daemon [_thread_blocked, id=10356, stack(0x00000000317a0000,0x00000000318a0000)]
  0x000000002aacc800 JavaThread "ForkJoinPool-3-worker-1" daemon [_thread_blocked, id=1892, stack(0x000000002f5f0000,0x000000002f6f0000)]
  0x000000002aacb000 JavaThread "WorkerExecutor Queue Thread 9" [_thread_blocked, id=10524, stack(0x000000002f0e0000,0x000000002f1e0000)]
  0x000000002aacc000 JavaThread "stdout" [_thread_in_native, id=7736, stack(0x00000000312a0000,0x00000000313a0000)]
  0x000000002aac2000 JavaThread "stderr" [_thread_in_native, id=5664, stack(0x00000000311a0000,0x00000000312a0000)]
  0x000000002aac9000 JavaThread "stdout" [_thread_in_native, id=11948, stack(0x00000000310a0000,0x00000000311a0000)]
  0x000000002aac8000 JavaThread "stderr" [_thread_in_native, id=7124, stack(0x0000000030fa0000,0x00000000310a0000)]
  0x000000002aac1800 JavaThread "stdout" [_thread_in_native, id=2004, stack(0x0000000030ea0000,0x0000000030fa0000)]
  0x000000002aac4800 JavaThread "stderr" [_thread_in_native, id=12956, stack(0x0000000030da0000,0x0000000030ea0000)]
  0x000000002aac6000 JavaThread "stdout" [_thread_in_native, id=17792, stack(0x0000000030ca0000,0x0000000030da0000)]
  0x000000002aac3800 JavaThread "stderr" [_thread_in_native, id=5652, stack(0x0000000030ba0000,0x0000000030ca0000)]
  0x000000002aac6800 JavaThread "stdout" [_thread_in_native, id=6588, stack(0x0000000030aa0000,0x0000000030ba0000)]
  0x000000002aac5000 JavaThread "stderr" [_thread_in_native, id=15716, stack(0x00000000309a0000,0x0000000030aa0000)]
  0x000000002aac3000 JavaThread "stdout" [_thread_in_native, id=13888, stack(0x00000000308a0000,0x00000000309a0000)]
  0x000000002aac7800 JavaThread "stderr" [_thread_in_native, id=12744, stack(0x00000000307a0000,0x00000000308a0000)]
  0x000000002aac0000 JavaThread "stdout" [_thread_in_native, id=7848, stack(0x00000000306a0000,0x00000000307a0000)]
  0x000000002aac0800 JavaThread "stderr" [_thread_in_native, id=4724, stack(0x00000000305a0000,0x00000000306a0000)]
  0x0000000021c70000 JavaThread "stdout" [_thread_in_native, id=11540, stack(0x00000000304a0000,0x00000000305a0000)]
  0x0000000021c6e800 JavaThread "stderr" [_thread_in_native, id=6932, stack(0x000000002ee20000,0x000000002ef20000)]
  0x0000000021c68800 JavaThread "pool-5-thread-1" [_thread_blocked, id=8540, stack(0x00000000303a0000,0x00000000304a0000)]
  0x0000000021c6d000 JavaThread "MarlinRenderer Disposer" daemon [_thread_blocked, id=17764, stack(0x00000000302a0000,0x00000000303a0000)]
  0x0000000021c6a000 JavaThread "Java2D Disposer" daemon [_thread_blocked, id=15644, stack(0x00000000300f0000,0x00000000301f0000)]
  0x0000000021c6f800 JavaThread "WorkerExecutor Queue Thread 8" [_thread_blocked, id=16736, stack(0x000000002fbf0000,0x000000002fcf0000)]
  0x0000000021c71000 JavaThread "WorkerExecutor Queue Thread 7" [_thread_blocked, id=7392, stack(0x000000002faf0000,0x000000002fbf0000)]
  0x0000000021c6c800 JavaThread "WorkerExecutor Queue Thread 6" [_thread_in_Java, id=17308, stack(0x000000002f9f0000,0x000000002faf0000)]
  0x0000000021c6b800 JavaThread "WorkerExecutor Queue Thread 5" [_thread_blocked, id=12256, stack(0x000000002f8f0000,0x000000002f9f0000)]
  0x0000000021c6b000 JavaThread "WorkerExecutor Queue Thread 4" [_thread_blocked, id=11912, stack(0x000000002f7f0000,0x000000002f8f0000)]
  0x0000000021c67800 JavaThread "WorkerExecutor Queue Thread 3" [_thread_blocked, id=17348, stack(0x000000002f6f0000,0x000000002f7f0000)]
  0x0000000021c64000 JavaThread "WorkerExecutor Queue" [_thread_blocked, id=10112, stack(0x000000002f2e0000,0x000000002f3e0000)]
  0x0000000021c62800 JavaThread "Exec process Thread 3" daemon [_thread_blocked, id=5200, stack(0x000000002f1e0000,0x000000002f2e0000)]
  0x0000000021c66000 JavaThread "Exec process Thread 2" daemon [_thread_blocked, id=7184, stack(0x000000002d3c0000,0x000000002d4c0000)]
  0x0000000021c63000 JavaThread "Exec process" daemon [_thread_blocked, id=6568, stack(0x000000002ed20000,0x000000002ee20000)]
  0x0000000021c65800 JavaThread "ForkJoinPool.commonPool-worker-3" daemon [_thread_blocked, id=16728, stack(0x000000002efe0000,0x000000002f0e0000)]
  0x000000001e811000 JavaThread "Cache worker for execution history cache (C:\Users\Rohan\AndroidStudioProjects\Timber-master\.gradle\6.5\executionHistory)" [_thread_blocked, id=14344, stack(0x000000002ec20000,0x000000002ed20000)]
  0x000000001e813000 JavaThread "Execution worker for ':' Thread 7" [_thread_blocked, id=17324, stack(0x000000002eb20000,0x000000002ec20000)]
  0x000000001e811800 JavaThread "Execution worker for ':' Thread 6" [_thread_blocked, id=17320, stack(0x000000002ea20000,0x000000002eb20000)]
  0x000000001e810000 JavaThread "Execution worker for ':' Thread 5" [_thread_blocked, id=17888, stack(0x000000002e920000,0x000000002ea20000)]
  0x000000001e80e800 JavaThread "Execution worker for ':' Thread 4" [_thread_blocked, id=14532, stack(0x000000002e820000,0x000000002e920000)]
  0x000000001e812800 JavaThread "Execution worker for ':' Thread 3" [_thread_blocked, id=16132, stack(0x000000002e720000,0x000000002e820000)]
  0x000000001e80a000 JavaThread "Execution worker for ':' Thread 2" [_thread_blocked, id=496, stack(0x000000002e620000,0x000000002e720000)]
  0x000000001e80f800 JavaThread "Execution worker for ':'" [_thread_blocked, id=6200, stack(0x000000002e520000,0x000000002e620000)]
  0x000000001e807000 JavaThread "Cache worker for file content cache (C:\Users\Rohan\AndroidStudioProjects\Timber-master\.gradle\6.5\fileContent)" [_thread_blocked, id=7784, stack(0x000000002d2c0000,0x000000002d3c0000)]
  0x000000001e808000 JavaThread "pool-4-thread-1" [_thread_blocked, id=13176, stack(0x000000002d1c0000,0x000000002d2c0000)]
  0x000000001e809800 JavaThread "Cache worker for Build Output Cleanup Cache (C:\Users\Rohan\AndroidStudioProjects\Timber-master\.gradle\buildOutputCleanup)" [_thread_blocked, id=10488, stack(0x000000002d0c0000,0x000000002d1c0000)]
  0x000000001e80e000 JavaThread "jar transforms Thread 194" [_thread_blocked, id=9876, stack(0x000000002cfc0000,0x000000002d0c0000)]
  0x000000001e806800 JavaThread "jar transforms Thread 193" [_thread_blocked, id=13328, stack(0x000000002cec0000,0x000000002cfc0000)]
  0x000000001e80d000 JavaThread "jar transforms Thread 192" [_thread_blocked, id=5972, stack(0x000000002cdc0000,0x000000002cec0000)]
  0x000000001e80c800 JavaThread "jar transforms Thread 191" [_thread_blocked, id=11800, stack(0x000000002ccc0000,0x000000002cdc0000)]
  0x000000001e805000 JavaThread "jar transforms Thread 190" [_thread_blocked, id=3108, stack(0x000000002a0e0000,0x000000002a1e0000)]
  0x000000001e805800 JavaThread "jar transforms Thread 189" [_thread_blocked, id=9848, stack(0x0000000028a10000,0x0000000028b10000)]
  0x000000001e80b800 JavaThread "jar transforms Thread 188" [_thread_blocked, id=15208, stack(0x0000000028710000,0x0000000028810000)]
  0x000000001e808800 JavaThread "jar transforms Thread 187" [_thread_blocked, id=10500, stack(0x0000000028610000,0x0000000028710000)]
  0x000000001e804000 JavaThread "jar transforms Thread 186" [_thread_blocked, id=14604, stack(0x0000000028510000,0x0000000028610000)]
  0x000000001e80b000 JavaThread "jar transforms Thread 185" [_thread_blocked, id=17856, stack(0x0000000028310000,0x0000000028410000)]
  0x000000001d616000 JavaThread "jar transforms Thread 184" [_thread_blocked, id=588, stack(0x0000000028210000,0x0000000028310000)]
  0x000000001d617000 JavaThread "jar transforms Thread 183" [_thread_blocked, id=17952, stack(0x0000000028110000,0x0000000028210000)]
  0x000000001d617800 JavaThread "jar transforms Thread 182" [_thread_blocked, id=3848, stack(0x0000000028010000,0x0000000028110000)]
  0x000000001d614000 JavaThread "jar transforms Thread 181" [_thread_blocked, id=13800, stack(0x0000000027f10000,0x0000000028010000)]
  0x000000001d618800 JavaThread "jar transforms Thread 180" [_thread_blocked, id=4312, stack(0x0000000027e10000,0x0000000027f10000)]
  0x000000001d615800 JavaThread "jar transforms Thread 179" [_thread_blocked, id=9548, stack(0x0000000027d10000,0x0000000027e10000)]
  0x000000001d614800 JavaThread "jar transforms Thread 178" [_thread_blocked, id=17608, stack(0x0000000027c10000,0x0000000027d10000)]
  0x000000001d60c000 JavaThread "jar transforms Thread 177" [_thread_blocked, id=17776, stack(0x0000000027b10000,0x0000000027c10000)]
  0x000000001d613000 JavaThread "jar transforms Thread 176" [_thread_blocked, id=15424, stack(0x0000000027a10000,0x0000000027b10000)]
  0x000000001d612800 JavaThread "jar transforms Thread 175" [_thread_blocked, id=4112, stack(0x0000000027910000,0x0000000027a10000)]
  0x000000001d611800 JavaThread "jar transforms Thread 174" [_thread_blocked, id=14864, stack(0x0000000027810000,0x0000000027910000)]
  0x000000001d611000 JavaThread "jar transforms Thread 173" [_thread_blocked, id=7636, stack(0x0000000027710000,0x0000000027810000)]
  0x000000001d60b800 JavaThread "jar transforms Thread 172" [_thread_blocked, id=15496, stack(0x0000000027610000,0x0000000027710000)]
  0x000000001d60f800 JavaThread "jar transforms Thread 171" [_thread_blocked, id=944, stack(0x0000000027510000,0x0000000027610000)]
  0x000000001d60e800 JavaThread "jar transforms Thread 170" [_thread_blocked, id=18148, stack(0x0000000027410000,0x0000000027510000)]
  0x000000001d610000 JavaThread "jar transforms Thread 169" [_thread_blocked, id=2780, stack(0x0000000027310000,0x0000000027410000)]
  0x000000001d60a800 JavaThread "jar transforms Thread 168" [_thread_blocked, id=9660, stack(0x0000000027210000,0x0000000027310000)]
  0x000000001d609000 JavaThread "jar transforms Thread 167" [_thread_blocked, id=14476, stack(0x0000000027110000,0x0000000027210000)]
  0x000000001d60d800 JavaThread "jar transforms Thread 166" [_thread_blocked, id=12696, stack(0x0000000027010000,0x0000000027110000)]
  0x000000001d60d000 JavaThread "jar transforms Thread 165" [_thread_blocked, id=14436, stack(0x0000000026f10000,0x0000000027010000)]
  0x000000001d60a000 JavaThread "jar transforms Thread 164" [_thread_blocked, id=8324, stack(0x0000000026e10000,0x0000000026f10000)]
  0x0000000018482000 JavaThread "jar transforms Thread 163" [_thread_blocked, id=6104, stack(0x0000000026d10000,0x0000000026e10000)]
  0x0000000018481800 JavaThread "jar transforms Thread 162" [_thread_blocked, id=12816, stack(0x0000000026c10000,0x0000000026d10000)]
  0x0000000018480800 JavaThread "jar transforms Thread 161" [_thread_blocked, id=17432, stack(0x0000000026b10000,0x0000000026c10000)]
  0x0000000018480000 JavaThread "jar transforms Thread 160" [_thread_blocked, id=12228, stack(0x0000000026a10000,0x0000000026b10000)]
  0x0000000018478800 JavaThread "jar transforms Thread 159" [_thread_blocked, id=10804, stack(0x0000000026910000,0x0000000026a10000)]
  0x000000001847f000 JavaThread "jar transforms Thread 158" [_thread_blocked, id=13716, stack(0x0000000026810000,0x0000000026910000)]
  0x000000001847e800 JavaThread "jar transforms Thread 157" [_thread_blocked, id=3356, stack(0x0000000026710000,0x0000000026810000)]
  0x000000001847d800 JavaThread "jar transforms Thread 156" [_thread_blocked, id=15568, stack(0x0000000026610000,0x0000000026710000)]
  0x000000001847d000 JavaThread "jar transforms Thread 155" [_thread_blocked, id=8680, stack(0x0000000026510000,0x0000000026610000)]
  0x000000001847c000 JavaThread "jar transforms Thread 154" [_thread_blocked, id=10988, stack(0x0000000026410000,0x0000000026510000)]
  0x000000001847b800 JavaThread "jar transforms Thread 153" [_thread_blocked, id=5656, stack(0x0000000026310000,0x0000000026410000)]
  0x000000001847a800 JavaThread "jar transforms Thread 152" [_thread_blocked, id=14824, stack(0x0000000026210000,0x0000000026310000)]
  0x0000000018477800 JavaThread "jar transforms Thread 151" [_thread_blocked, id=14852, stack(0x0000000026110000,0x0000000026210000)]
  0x0000000018474000 JavaThread "jar transforms Thread 150" [_thread_blocked, id=11408, stack(0x0000000026010000,0x0000000026110000)]
  0x0000000018477000 JavaThread "jar transforms Thread 149" [_thread_blocked, id=2204, stack(0x0000000025f10000,0x0000000026010000)]
  0x0000000018473000 JavaThread "jar transforms Thread 148" [_thread_blocked, id=16740, stack(0x0000000025e10000,0x0000000025f10000)]
  0x0000000018474800 JavaThread "jar transforms Thread 147" [_thread_blocked, id=11764, stack(0x0000000025d10000,0x0000000025e10000)]
  0x0000000018479000 JavaThread "jar transforms Thread 146" [_thread_blocked, id=15728, stack(0x0000000025c10000,0x0000000025d10000)]
  0x0000000018475800 JavaThread "jar transforms Thread 145" [_thread_blocked, id=5680, stack(0x0000000025b10000,0x0000000025c10000)]
  0x0000000018476000 JavaThread "jar transforms Thread 144" [_thread_blocked, id=17112, stack(0x0000000025a10000,0x0000000025b10000)]
  0x000000001847a000 JavaThread "jar transforms Thread 143" [_thread_blocked, id=10792, stack(0x0000000025910000,0x0000000025a10000)]
  0x0000000017974000 JavaThread "jar transforms Thread 142" [_thread_blocked, id=9272, stack(0x0000000025810000,0x0000000025910000)]
  0x0000000017975800 JavaThread "jar transforms Thread 141" [_thread_blocked, id=13844, stack(0x0000000025710000,0x0000000025810000)]
  0x0000000017978000 JavaThread "jar transforms Thread 140" [_thread_blocked, id=12456, stack(0x0000000025610000,0x0000000025710000)]
  0x0000000017973800 JavaThread "jar transforms Thread 139" [_thread_blocked, id=9796, stack(0x0000000025510000,0x0000000025610000)]
  0x0000000017970800 JavaThread "jar transforms Thread 138" [_thread_blocked, id=1140, stack(0x0000000025410000,0x0000000025510000)]
  0x0000000017972000 JavaThread "jar transforms Thread 137" [_thread_blocked, id=13812, stack(0x0000000025310000,0x0000000025410000)]
  0x0000000017975000 JavaThread "jar transforms Thread 136" [_thread_blocked, id=7796, stack(0x0000000025210000,0x0000000025310000)]
  0x0000000017972800 JavaThread "jar transforms Thread 135" [_thread_blocked, id=16540, stack(0x0000000025110000,0x0000000025210000)]
  0x0000000017977000 JavaThread "jar transforms Thread 134" [_thread_blocked, id=11024, stack(0x0000000025010000,0x0000000025110000)]
  0x0000000017971000 JavaThread "jar transforms Thread 133" [_thread_blocked, id=13252, stack(0x0000000024f10000,0x0000000025010000)]
  0x0000000017976800 JavaThread "jar transforms Thread 132" [_thread_blocked, id=13172, stack(0x0000000024e10000,0x0000000024f10000)]
  0x0000000017969000 JavaThread "jar transforms Thread 131" [_thread_blocked, id=9900, stack(0x0000000024d10000,0x0000000024e10000)]
  0x000000001796f800 JavaThread "jar transforms Thread 130" [_thread_blocked, id=10980, stack(0x0000000024c10000,0x0000000024d10000)]
  0x000000001796f000 JavaThread "jar transforms Thread 129" [_thread_blocked, id=12068, stack(0x0000000024b10000,0x0000000024c10000)]
  0x000000001796e000 JavaThread "jar transforms Thread 128" [_thread_blocked, id=8928, stack(0x0000000024a10000,0x0000000024b10000)]
  0x000000001796c000 JavaThread "jar transforms Thread 127" [_thread_blocked, id=10584, stack(0x0000000024910000,0x0000000024a10000)]
  0x000000001796b000 JavaThread "jar transforms Thread 126" [_thread_blocked, id=16872, stack(0x0000000024810000,0x0000000024910000)]
  0x000000001796d800 JavaThread "jar transforms Thread 125" [_thread_blocked, id=5924, stack(0x0000000024710000,0x0000000024810000)]
  0x000000001796a800 JavaThread "jar transforms Thread 124" [_thread_blocked, id=13344, stack(0x0000000024610000,0x0000000024710000)]
  0x000000001796c800 JavaThread "jar transforms Thread 123" [_thread_blocked, id=4004, stack(0x0000000024510000,0x0000000024610000)]
  0x0000000017969800 JavaThread "jar transforms Thread 122" [_thread_blocked, id=7948, stack(0x0000000024410000,0x0000000024510000)]
  0x00000000191e1800 JavaThread "jar transforms Thread 121" [_thread_blocked, id=11388, stack(0x0000000024310000,0x0000000024410000)]
  0x00000000191e1000 JavaThread "jar transforms Thread 120" [_thread_blocked, id=12712, stack(0x0000000024210000,0x0000000024310000)]
  0x00000000191e0000 JavaThread "jar transforms Thread 119" [_thread_blocked, id=7836, stack(0x0000000024110000,0x0000000024210000)]
  0x00000000191e3000 JavaThread "jar transforms Thread 118" [_thread_blocked, id=4460, stack(0x0000000024010000,0x0000000024110000)]
  0x00000000191df800 JavaThread "jar transforms Thread 117" [_thread_blocked, id=17928, stack(0x0000000023f10000,0x0000000024010000)]
  0x00000000191e6000 JavaThread "jar transforms Thread 116" [_thread_blocked, id=16824, stack(0x0000000023c10000,0x0000000023d10000)]
  0x00000000191e5800 JavaThread "jar transforms Thread 115" [_thread_blocked, id=13472, stack(0x0000000023b10000,0x0000000023c10000)]
  0x00000000191e4000 JavaThread "jar transforms Thread 114" [_thread_blocked, id=16940, stack(0x0000000023a10000,0x0000000023b10000)]
  0x0000000018415800 JavaThread "jar transforms Thread 113" [_thread_blocked, id=17044, stack(0x0000000023910000,0x0000000023a10000)]
  0x0000000018414800 JavaThread "jar transforms Thread 112" [_thread_blocked, id=10492, stack(0x0000000022f70000,0x0000000023070000)]
  0x000000001840f000 JavaThread "jar transforms Thread 111" [_thread_blocked, id=140, stack(0x0000000022d70000,0x0000000022e70000)]
  0x0000000018412000 JavaThread "jar transforms Thread 110" [_thread_blocked, id=11960, stack(0x0000000022c70000,0x0000000022d70000)]
  0x0000000018410000 JavaThread "jar transforms Thread 109" [_thread_blocked, id=17200, stack(0x0000000022b70000,0x0000000022c70000)]
  0x0000000018407800 JavaThread "jar transforms Thread 108" [_thread_blocked, id=16332, stack(0x0000000021280000,0x0000000021380000)]
  0x000000001840e800 JavaThread "jar transforms Thread 107" [_thread_blocked, id=12432, stack(0x0000000020980000,0x0000000020a80000)]
  0x000000001840a800 JavaThread "jar transforms Thread 106" [_thread_blocked, id=10032, stack(0x0000000020880000,0x0000000020980000)]
  0x0000000018407000 JavaThread "jar transforms Thread 105" [_thread_blocked, id=18284, stack(0x0000000020780000,0x0000000020880000)]
  0x000000001840d800 JavaThread "jar transforms Thread 104" [_thread_blocked, id=8412, stack(0x0000000020480000,0x0000000020580000)]
  0x000000001840b800 JavaThread "jar transforms Thread 103" [_thread_blocked, id=16684, stack(0x0000000020380000,0x0000000020480000)]
  0x000000001840d000 JavaThread "jar transforms Thread 102" [_thread_blocked, id=1884, stack(0x0000000020280000,0x0000000020380000)]
  0x0000000018409000 JavaThread "jar transforms Thread 101" [_thread_blocked, id=15964, stack(0x0000000020180000,0x0000000020280000)]
  0x000000001840c000 JavaThread "jar transforms Thread 100" [_thread_blocked, id=14672, stack(0x0000000020080000,0x0000000020180000)]
  0x0000000018406000 JavaThread "jar transforms Thread 99" [_thread_blocked, id=7132, stack(0x000000001ff80000,0x0000000020080000)]
  0x0000000019504800 JavaThread "jar transforms Thread 98" [_thread_blocked, id=2432, stack(0x000000001fe80000,0x000000001ff80000)]
  0x0000000019503000 JavaThread "Build operations Thread 8" [_thread_blocked, id=1500, stack(0x000000001fd80000,0x000000001fe80000)]
  0x0000000019502800 JavaThread "Build operations Thread 7" [_thread_blocked, id=4140, stack(0x000000001fc80000,0x000000001fd80000)]
  0x0000000019501800 JavaThread "Build operations Thread 6" [_thread_blocked, id=2232, stack(0x000000001fb80000,0x000000001fc80000)]
  0x0000000019504000 JavaThread "Build operations Thread 5" [_thread_blocked, id=9948, stack(0x000000001fa80000,0x000000001fb80000)]
  0x0000000019501000 JavaThread "Build operations Thread 4" [_thread_blocked, id=9844, stack(0x000000001f980000,0x000000001fa80000)]
  0x00000000194f9800 JavaThread "Build operations Thread 3" [_thread_blocked, id=13384, stack(0x000000001f880000,0x000000001f980000)]
  0x0000000019500000 JavaThread "Build operations Thread 2" [_thread_in_native, id=4548, stack(0x000000001f780000,0x000000001f880000)]
  0x00000000194ff800 JavaThread "Build operations" [_thread_blocked, id=412, stack(0x000000001f680000,0x000000001f780000)]
  0x00000000194f8800 JavaThread "Cache worker for cache directory md-rule (C:\Users\Rohan\.gradle\caches\6.5\md-rule)" [_thread_blocked, id=6248, stack(0x000000001f580000,0x000000001f680000)]
  0x00000000194f8000 JavaThread "Cache worker for cache directory md-supplier (C:\Users\Rohan\.gradle\caches\6.5\md-supplier)" [_thread_blocked, id=10056, stack(0x000000001f480000,0x000000001f580000)]
  0x00000000194fe800 JavaThread "Cache worker for checksums cache (C:\Users\Rohan\AndroidStudioProjects\Timber-master\.gradle\checksums)" [_thread_blocked, id=18152, stack(0x000000001f380000,0x000000001f480000)]
  0x00000000194f7000 JavaThread "Cache worker for file hash cache (C:\Users\Rohan\AndroidStudioProjects\Timber-master\.gradle\6.5\fileHashes)" [_thread_blocked, id=14380, stack(0x000000001f280000,0x000000001f380000)]
  0x00000000194fe000 JavaThread "Thread-137" [_thread_blocked, id=368, stack(0x000000001ef80000,0x000000001f080000)]
  0x00000000194f6800 JavaThread "Stdin handler" [_thread_blocked, id=7008, stack(0x000000001b180000,0x000000001b280000)]
  0x00000000194fb800 JavaThread "Asynchronous log dispatcher for DefaultDaemonConnection: socket connection from /127.0.0.1:61769 to /127.0.0.1:61899" [_thread_blocked, id=11608, stack(0x000000001ac80000,0x000000001ad80000)]
  0x00000000194fd000 JavaThread "Cancel handler" [_thread_blocked, id=7476, stack(0x000000001ab80000,0x000000001ac80000)]
  0x00000000194f5800 JavaThread "Handler for socket connection from /127.0.0.1:61769 to /127.0.0.1:61899" [_thread_in_native, id=2588, stack(0x0000000001020000,0x0000000001120000)]
  0x00000000194fb000 JavaThread "Memory manager" [_thread_blocked, id=18340, stack(0x0000000029710000,0x0000000029810000)]
  0x0000000018410800 JavaThread "Cache worker for file content cache (C:\Users\Rohan\.gradle\caches\6.5\fileContent)" [_thread_blocked, id=11268, stack(0x0000000021180000,0x0000000021280000)]
  0x0000000018408800 JavaThread "Cache worker for execution history cache (C:\Users\Rohan\.gradle\caches\6.5\executionHistory)" [_thread_in_native, id=18024, stack(0x0000000020c80000,0x0000000020d80000)]
  0x00000000191e4800 JavaThread "Cache worker for file hash cache (C:\Users\Rohan\.gradle\caches\6.5\fileHashes)" [_thread_blocked, id=5372, stack(0x000000001b680000,0x000000001b780000)]
  0x00000000191e2800 JavaThread "File lock request listener" [_thread_in_native, id=1648, stack(0x000000001b580000,0x000000001b680000)]
  0x000000001923d000 JavaThread "Cache worker for journal cache (C:\Users\Rohan\.gradle\caches\journal-1)" [_thread_blocked, id=1656, stack(0x000000001b480000,0x000000001b580000)]
  0x0000000019120000 JavaThread "Daemon worker" [_thread_blocked, id=17028, stack(0x000000001ae80000,0x000000001af80000)]
  0x00000000190b1000 JavaThread "Daemon" [_thread_blocked, id=10468, stack(0x000000001aa80000,0x000000001ab80000)]
  0x000000001908b800 JavaThread "Daemon periodic checks" [_thread_blocked, id=6512, stack(0x000000001a780000,0x000000001a880000)]
  0x0000000019089000 JavaThread "Incoming local TCP Connector on port 61769" [_thread_in_native, id=16932, stack(0x000000001a540000,0x000000001a640000)]
  0x0000000018ff5800 JavaThread "Daemon health stats" [_thread_blocked, id=9524, stack(0x0000000019f00000,0x000000001a000000)]
  0x0000000016727800 JavaThread "Service Thread" daemon [_thread_blocked, id=16484, stack(0x0000000017360000,0x0000000017460000)]
  0x000000001669d000 JavaThread "C1 CompilerThread3" daemon [_thread_blocked, id=10392, stack(0x0000000017260000,0x0000000017360000)]
=>0x0000000016697800 JavaThread "C2 CompilerThread2" daemon [_thread_in_native, id=15108, stack(0x0000000017160000,0x0000000017260000)]
  0x000000001488c800 JavaThread "C2 CompilerThread1" daemon [_thread_in_native, id=2988, stack(0x0000000017060000,0x0000000017160000)]
  0x000000001488a000 JavaThread "C2 CompilerThread0" daemon [_thread_in_native, id=17832, stack(0x0000000016f60000,0x0000000017060000)]
  0x0000000016693000 JavaThread "Attach Listener" daemon [_thread_blocked, id=2880, stack(0x0000000016e60000,0x0000000016f60000)]
  0x0000000016695800 JavaThread "Signal Dispatcher" daemon [_thread_blocked, id=12468, stack(0x0000000016d60000,0x0000000016e60000)]
  0x00000000030bc800 JavaThread "Finalizer" daemon [_thread_blocked, id=15380, stack(0x0000000016b60000,0x0000000016c60000)]
  0x0000000016680800 JavaThread "Reference Handler" daemon [_thread_blocked, id=9036, stack(0x0000000016a60000,0x0000000016b60000)]
  0x0000000002dee000 JavaThread "main" [_thread_blocked, id=6448, stack(0x0000000002ec0000,0x0000000002fc0000)]

Other Threads:
  0x0000000014878800 VMThread [stack: 0x0000000016560000,0x0000000016660000] [id=16200]
  0x0000000016728800 WatcherThread [stack: 0x0000000017460000,0x0000000017560000] [id=10420]

VM state:not at safepoint (normal execution)

VM Mutex/Monitor currently owned by a thread: None

heap address: 0x00000000e0000000, size: 512 MB, Compressed Oops mode: 32-bit
Narrow klass base: 0x0000000000000000, Narrow klass shift: 3
Compressed class space size: 1073741824 Address: 0x0000000100000000

Heap:
 PSYoungGen      total 153088K, used 45142K [0x00000000f5580000, 0x0000000100000000, 0x0000000100000000)
  eden space 131584K, 17% used [0x00000000f5580000,0x00000000f6c9d9f0,0x00000000fd600000)
  from space 21504K, 99% used [0x00000000fd600000,0x00000000feaf8180,0x00000000feb00000)
  to   space 21504K, 0% used [0x00000000feb00000,0x00000000feb00000,0x0000000100000000)
 ParOldGen       total 290816K, used 216659K [0x00000000e0000000, 0x00000000f1c00000, 0x00000000f5580000)
  object space 290816K, 74% used [0x00000000e0000000,0x00000000ed394ef0,0x00000000f1c00000)
 Metaspace       used 115452K, capacity 121462K, committed 122572K, reserved 1155072K
  class space    used 14767K, capacity 16019K, committed 16384K, reserved 1048576K

Card table byte_map: [0x0000000012480000,0x0000000012590000] byte_map_base: 0x0000000011d80000

Marking Bits: (ParMarkBitMap*) 0x0000000070e1f030
 Begin Bits: [0x0000000012d90000, 0x0000000013590000)
 End Bits:   [0x0000000013590000, 0x0000000013d90000)

Polling page: 0x0000000001540000

CodeCache: size=245760Kb used=67490Kb max_used=68958Kb free=178269Kb
 bounds [0x00000000030c0000, 0x0000000007480000, 0x00000000120c0000]
 total_blobs=20935 nmethods=19891 adapters=953
 compilation: enabled

Compilation events (10 events):
Event: 194.918 Thread 0x000000001669d000 nmethod 25228 0x00000000054bf410 code [0x00000000054bf560, 0x00000000054bf670]
Event: 194.925 Thread 0x000000001669d000 25229       2       com.android.tools.r8.code.n::a (1 bytes)
Event: 194.925 Thread 0x000000001669d000 nmethod 25229 0x000000000572e890 code [0x000000000572e9e0, 0x000000000572eb30]
Event: 194.928 Thread 0x000000001669d000 25230       2       com.android.tools.r8.code.m::a (1 bytes)
Event: 194.928 Thread 0x000000001669d000 nmethod 25230 0x0000000004c92390 code [0x0000000004c924e0, 0x0000000004c92630]
Event: 194.932 Thread 0x000000001669d000 25232       2       org.xml.sax.helpers.DefaultHandler::characters (1 bytes)
Event: 194.932 Thread 0x000000001669d000 nmethod 25232 0x0000000006511850 code [0x00000000065119a0, 0x0000000006511af0]
Event: 194.952 Thread 0x000000001669d000 25233       2       com.android.tools.r8.dex.n$$Lambda$1763/440265214::a (9 bytes)
Event: 194.953 Thread 0x000000001669d000 nmethod 25233 0x00000000066d2d10 code [0x00000000066d2e60, 0x00000000066d2fb0]
Event: 194.962 Thread 0x000000001669d000 25234 %     3       com.android.tools.r8.t.a.a.a.h.Y::a @ 81 (189 bytes)

GC Heap History (10 events):
Event: 192.111 GC heap before
{Heap before GC invocations=94 (full 5):
 PSYoungGen      total 162304K, used 153088K [0x00000000f5580000, 0x00000000fff80000, 0x0000000100000000)
  eden space 151552K, 100% used [0x00000000f5580000,0x00000000fe980000,0x00000000fe980000)
  from space 10752K, 14% used [0x00000000ff500000,0x00000000ff680000,0x00000000fff80000)
  to   space 11264K, 0% used [0x00000000fe980000,0x00000000fe980000,0x00000000ff480000)
 ParOldGen       total 290816K, used 150658K [0x00000000e0000000, 0x00000000f1c00000, 0x00000000f5580000)
  object space 290816K, 51% used [0x00000000e0000000,0x00000000e9320a00,0x00000000f1c00000)
 Metaspace       used 114663K, capacity 120600K, committed 121932K, reserved 1155072K
  class space    used 14690K, capacity 15954K, committed 16256K, reserved 1048576K
Event: 192.117 GC heap after
Heap after GC invocations=94 (full 5):
 PSYoungGen      total 162816K, used 2272K [0x00000000f5580000, 0x00000000fff80000, 0x0000000100000000)
  eden space 151552K, 0% used [0x00000000f5580000,0x00000000f5580000,0x00000000fe980000)
  from space 11264K, 20% used [0x00000000fe980000,0x00000000febb8000,0x00000000ff480000)
  to   space 10752K, 0% used [0x00000000ff500000,0x00000000ff500000,0x00000000fff80000)
 ParOldGen       total 290816K, used 151748K [0x00000000e0000000, 0x00000000f1c00000, 0x00000000f5580000)
  object space 290816K, 52% used [0x00000000e0000000,0x00000000e94310a0,0x00000000f1c00000)
 Metaspace       used 114663K, capacity 120600K, committed 121932K, reserved 1155072K
  class space    used 14690K, capacity 15954K, committed 16256K, reserved 1048576K
}
Event: 192.344 GC heap before
{Heap before GC invocations=95 (full 5):
 PSYoungGen      total 162816K, used 153824K [0x00000000f5580000, 0x00000000fff80000, 0x0000000100000000)
  eden space 151552K, 100% used [0x00000000f5580000,0x00000000fe980000,0x00000000fe980000)
  from space 11264K, 20% used [0x00000000fe980000,0x00000000febb8000,0x00000000ff480000)
  to   space 10752K, 0% used [0x00000000ff500000,0x00000000ff500000,0x00000000fff80000)
 ParOldGen       total 290816K, used 151748K [0x00000000e0000000, 0x00000000f1c00000, 0x00000000f5580000)
  object space 290816K, 52% used [0x00000000e0000000,0x00000000e94310a0,0x00000000f1c00000)
 Metaspace       used 114664K, capacity 120600K, committed 121932K, reserved 1155072K
  class space    used 14690K, capacity 15954K, committed 16256K, reserved 1048576K
Event: 192.350 GC heap after
Heap after GC invocations=95 (full 5):
 PSYoungGen      total 162304K, used 2112K [0x00000000f5580000, 0x00000000ffe80000, 0x0000000100000000)
  eden space 152576K, 0% used [0x00000000f5580000,0x00000000f5580000,0x00000000fea80000)
  from space 9728K, 21% used [0x00000000ff500000,0x00000000ff710000,0x00000000ffe80000)
  to   space 10240K, 0% used [0x00000000fea80000,0x00000000fea80000,0x00000000ff480000)
 ParOldGen       total 290816K, used 152616K [0x00000000e0000000, 0x00000000f1c00000, 0x00000000f5580000)
  object space 290816K, 52% used [0x00000000e0000000,0x00000000e950a3f8,0x00000000f1c00000)
 Metaspace       used 114664K, capacity 120600K, committed 121932K, reserved 1155072K
  class space    used 14690K, capacity 15954K, committed 16256K, reserved 1048576K
}
Event: 192.587 GC heap before
{Heap before GC invocations=96 (full 5):
 PSYoungGen      total 162304K, used 154688K [0x00000000f5580000, 0x00000000ffe80000, 0x0000000100000000)
  eden space 152576K, 100% used [0x00000000f5580000,0x00000000fea80000,0x00000000fea80000)
  from space 9728K, 21% used [0x00000000ff500000,0x00000000ff710000,0x00000000ffe80000)
  to   space 10240K, 0% used [0x00000000fea80000,0x00000000fea80000,0x00000000ff480000)
 ParOldGen       total 290816K, used 152616K [0x00000000e0000000, 0x00000000f1c00000, 0x00000000f5580000)
  object space 290816K, 52% used [0x00000000e0000000,0x00000000e950a3f8,0x00000000f1c00000)
 Metaspace       used 114664K, capacity 120600K, committed 121932K, reserved 1155072K
  class space    used 14690K, capacity 15954K, committed 16256K, reserved 1048576K
Event: 192.595 GC heap after
Heap after GC invocations=96 (full 5):
 PSYoungGen      total 162816K, used 1280K [0x00000000f5580000, 0x00000000fff80000, 0x0000000100000000)
  eden space 152576K, 0% used [0x00000000f5580000,0x00000000f5580000,0x00000000fea80000)
  from space 10240K, 12% used [0x00000000fea80000,0x00000000febc0000,0x00000000ff480000)
  to   space 9728K, 0% used [0x00000000ff600000,0x00000000ff600000,0x00000000fff80000)
 ParOldGen       total 290816K, used 153664K [0x00000000e0000000, 0x00000000f1c00000, 0x00000000f5580000)
  object space 290816K, 52% used [0x00000000e0000000,0x00000000e96100f8,0x00000000f1c00000)
 Metaspace       used 114664K, capacity 120600K, committed 121932K, reserved 1155072K
  class space    used 14690K, capacity 15954K, committed 16256K, reserved 1048576K
}
Event: 193.325 GC heap before
{Heap before GC invocations=97 (full 5):
 PSYoungGen      total 162816K, used 153856K [0x00000000f5580000, 0x00000000fff80000, 0x0000000100000000)
  eden space 152576K, 100% used [0x00000000f5580000,0x00000000fea80000,0x00000000fea80000)
  from space 10240K, 12% used [0x00000000fea80000,0x00000000febc0000,0x00000000ff480000)
  to   space 9728K, 0% used [0x00000000ff600000,0x00000000ff600000,0x00000000fff80000)
 ParOldGen       total 290816K, used 153664K [0x00000000e0000000, 0x00000000f1c00000, 0x00000000f5580000)
  object space 290816K, 52% used [0x00000000e0000000,0x00000000e96100f8,0x00000000f1c00000)
 Metaspace       used 115092K, capacity 121010K, committed 122316K, reserved 1155072K
  class space    used 14742K, capacity 16011K, committed 16384K, reserved 1048576K
Event: 193.390 GC heap after
Heap after GC invocations=97 (full 5):
 PSYoungGen      total 141312K, used 9720K [0x00000000f5580000, 0x0000000100000000, 0x0000000100000000)
  eden space 131584K, 0% used [0x00000000f5580000,0x00000000f5580000,0x00000000fd600000)
  from space 9728K, 99% used [0x00000000ff600000,0x00000000fff7e2b0,0x00000000fff80000)
  to   space 21504K, 0% used [0x00000000fd600000,0x00000000fd600000,0x00000000feb00000)
 ParOldGen       total 290816K, used 180345K [0x00000000e0000000, 0x00000000f1c00000, 0x00000000f5580000)
  object space 290816K, 62% used [0x00000000e0000000,0x00000000eb01e738,0x00000000f1c00000)
 Metaspace       used 115092K, capacity 121010K, committed 122316K, reserved 1155072K
  class space    used 14742K, capacity 16011K, committed 16384K, reserved 1048576K
}
Event: 194.688 GC heap before
{Heap before GC invocations=98 (full 5):
 PSYoungGen      total 141312K, used 141304K [0x00000000f5580000, 0x0000000100000000, 0x0000000100000000)
  eden space 131584K, 100% used [0x00000000f5580000,0x00000000fd600000,0x00000000fd600000)
  from space 9728K, 99% used [0x00000000ff600000,0x00000000fff7e2b0,0x00000000fff80000)
  to   space 21504K, 0% used [0x00000000fd600000,0x00000000fd600000,0x00000000feb00000)
 ParOldGen       total 290816K, used 180345K [0x00000000e0000000, 0x00000000f1c00000, 0x00000000f5580000)
  object space 290816K, 62% used [0x00000000e0000000,0x00000000eb01e738,0x00000000f1c00000)
 Metaspace       used 115369K, capacity 121386K, committed 122572K, reserved 1155072K
  class space    used 14755K, capacity 16017K, committed 16384K, reserved 1048576K
Event: 194.749 GC heap after
Heap after GC invocations=98 (full 5):
 PSYoungGen      total 153088K, used 21472K [0x00000000f5580000, 0x0000000100000000, 0x0000000100000000)
  eden space 131584K, 0% used [0x00000000f5580000,0x00000000f5580000,0x00000000fd600000)
  from space 21504K, 99% used [0x00000000fd600000,0x00000000feaf8180,0x00000000feb00000)
  to   space 21504K, 0% used [0x00000000feb00000,0x00000000feb00000,0x0000000100000000)
 ParOldGen       total 290816K, used 216659K [0x00000000e0000000, 0x00000000f1c00000, 0x00000000f5580000)
  object space 290816K, 74% used [0x00000000e0000000,0x00000000ed394ef0,0x00000000f1c00000)
 Metaspace       used 115369K, capacity 121386K, committed 122572K, reserved 1155072K
  class space    used 14755K, capacity 16017K, committed 16384K, reserved 1048576K
}

Deoptimization events (10 events):
Event: 193.027 Thread 0x000000001e80f800 Uncommon trap: reason=class_check action=maybe_recompile pc=0x0000000005a89724 method=org.gradle.internal.snapshot.SnapshotUtil.handleChildren(Ljava/util/List;Lorg/gradle/internal/snapshot/VfsRelativePath;Lorg/gradle/internal/snapshot/CaseSensitivity;Lorg
Event: 193.519 Thread 0x00000000348c0800 Uncommon trap: reason=unstable_if action=reinterpret pc=0x0000000003fe6e2c method=java.util.Arrays.hashCode([Ljava/lang/Object;)I @ 1
Event: 193.678 Thread 0x00000000348c4800 Uncommon trap: reason=unstable_if action=reinterpret pc=0x0000000003ac38f8 method=com.android.tools.r8.graph.g0.computeEquals(Ljava/lang/Object;)Z @ 37
Event: 194.045 Thread 0x00000000348c2000 Uncommon trap: reason=unstable_if action=reinterpret pc=0x000000000740c644 method=com.android.tools.r8.graph.i0.b(Lcom/android/tools/r8/graph/i0;)I @ 39
Event: 194.881 Thread 0x0000000019500000 Uncommon trap: reason=unstable_if action=reinterpret pc=0x0000000004a0517c method=java.util.regex.Pattern.closure(Ljava/util/regex/Pattern$Node;)Ljava/util/regex/Pattern$Node; @ 182
Event: 194.888 Thread 0x0000000019500000 Uncommon trap: reason=unstable_if action=reinterpret pc=0x0000000006528f48 method=kotlin.text.StringsKt__AppendableKt.appendElement(Ljava/lang/Appendable;Ljava/lang/Object;Lkotlin/jvm/functions/Function1;)V @ 8
Event: 194.889 Thread 0x0000000019500000 Uncommon trap: reason=unstable_if action=reinterpret pc=0x00000000060edc6c method=com.google.common.base.Objects.equal(Ljava/lang/Object;Ljava/lang/Object;)Z @ 6
Event: 194.889 Thread 0x00000000194f9800 Uncommon trap: reason=unstable_if action=reinterpret pc=0x00000000060edc6c method=com.google.common.base.Objects.equal(Ljava/lang/Object;Ljava/lang/Object;)Z @ 6
Event: 194.890 Thread 0x00000000194f9800 Uncommon trap: reason=unstable_if action=reinterpret pc=0x0000000006175d18 method=com.google.common.base.Objects.equal(Ljava/lang/Object;Ljava/lang/Object;)Z @ 6
Event: 194.890 Thread 0x0000000019500000 Uncommon trap: reason=unstable_if action=reinterpret pc=0x0000000006175d18 method=com.google.common.base.Objects.equal(Ljava/lang/Object;Ljava/lang/Object;)Z @ 6

Classes redefined (0 events):
No events

Internal exceptions (10 events):
Event: 193.034 Thread 0x000000001e80f800 Exception <a 'java/lang/NoSuchMethodError': <clinit>> (0x00000000fc2f96d8) thrown at [C:\src\AOSP-openjdk-git\hotspot\src\share\vm\prims\jni.cpp, line 1615]
Event: 193.034 Thread 0x000000001e80f800 Exception <a 'java/lang/NoSuchMethodError': <clinit>> (0x00000000fc2fb050) thrown at [C:\src\AOSP-openjdk-git\hotspot\src\share\vm\prims\jni.cpp, line 1615]
Event: 193.034 Thread 0x000000001e80f800 Exception <a 'java/lang/NoSuchMethodError': <clinit>> (0x00000000fc3104a8) thrown at [C:\src\AOSP-openjdk-git\hotspot\src\share\vm\prims\jni.cpp, line 1615]
Event: 193.035 Thread 0x000000001e80f800 Exception <a 'java/lang/NoSuchMethodError': <clinit>> (0x00000000fc3595e0) thrown at [C:\src\AOSP-openjdk-git\hotspot\src\share\vm\prims\jni.cpp, line 1615]
Event: 193.035 Thread 0x000000001e80f800 Exception <a 'java/lang/NoSuchMethodError': <clinit>> (0x00000000fc35a900) thrown at [C:\src\AOSP-openjdk-git\hotspot\src\share\vm\prims\jni.cpp, line 1615]
Event: 193.519 Thread 0x00000000348c0800 Implicit null exception at 0x0000000003fe6d2f to 0x0000000003fe6e1d
Event: 194.889 Thread 0x0000000019500000 Implicit null exception at 0x00000000060ed83a to 0x00000000060edc51
Event: 194.889 Thread 0x00000000194f9800 Implicit null exception at 0x00000000060ed83a to 0x00000000060edc51
Event: 194.890 Thread 0x00000000194f9800 Implicit null exception at 0x00000000061756da to 0x0000000006175d05
Event: 194.890 Thread 0x0000000019500000 Implicit null exception at 0x00000000061756da to 0x0000000006175d05

Events (10 events):
Event: 194.954 Thread 0x000000001669d000 flushing nmethod 0x0000000006b5cc50
Event: 194.954 Thread 0x000000001669d000 flushing nmethod 0x0000000006b7f3d0
Event: 194.955 Thread 0x000000001669d000 flushing nmethod 0x0000000006c1eb10
Event: 194.955 Thread 0x000000001669d000 flushing nmethod 0x0000000006c5a550
Event: 194.955 Thread 0x000000001669d000 flushing nmethod 0x0000000006ca7790
Event: 194.955 Thread 0x000000001669d000 flushing nmethod 0x0000000006d3edd0
Event: 194.955 Thread 0x000000001669d000 flushing nmethod 0x0000000006d67490
Event: 194.955 Thread 0x000000001669d000 flushing nmethod 0x0000000006d7c510
Event: 194.956 Thread 0x000000001669d000 flushing nmethod 0x0000000006db4910
Event: 194.956 Thread 0x000000001669d000 flushing nmethod 0x0000000006dbbdd0


Dynamic libraries:
0x00007ff68f360000 - 0x00007ff68f391000 	C:\Program Files\Android\Android Studio\jre\bin\java.exe
0x00007ffc48de0000 - 0x00007ffc48fd0000 	C:\WINDOWS\SYSTEM32\ntdll.dll
0x00007ffc482c0000 - 0x00007ffc48372000 	C:\WINDOWS\System32\KERNEL32.DLL
0x00007ffc46250000 - 0x00007ffc464f5000 	C:\WINDOWS\System32\KERNELBASE.dll
0x00007ffc48b30000 - 0x00007ffc48bd3000 	C:\WINDOWS\System32\ADVAPI32.dll
0x00007ffc488b0000 - 0x00007ffc4894e000 	C:\WINDOWS\System32\msvcrt.dll
0x00007ffc48780000 - 0x00007ffc48817000 	C:\WINDOWS\System32\sechost.dll
0x00007ffc46e90000 - 0x00007ffc46fb0000 	C:\WINDOWS\System32\RPCRT4.dll
0x00007ffc48380000 - 0x00007ffc48514000 	C:\WINDOWS\System32\USER32.dll
0x00007ffc46020000 - 0x00007ffc46041000 	C:\WINDOWS\System32\win32u.dll
0x00007ffc479c0000 - 0x00007ffc479e6000 	C:\WINDOWS\System32\GDI32.dll
0x00007ffc45df0000 - 0x00007ffc45f86000 	C:\WINDOWS\System32\gdi32full.dll
0x00007ffc45d50000 - 0x00007ffc45dee000 	C:\WINDOWS\System32\msvcp_win.dll
0x00007ffc46cb0000 - 0x00007ffc46daa000 	C:\WINDOWS\System32\ucrtbase.dll
0x00007ffc202f0000 - 0x00007ffc20574000 	C:\WINDOWS\WinSxS\amd64_microsoft.windows.common-controls_6595b64144ccf1df_6.0.18362.1256_none_9e7e379be45e40e2\COMCTL32.dll
0x00007ffc47060000 - 0x00007ffc47396000 	C:\WINDOWS\System32\combase.dll
0x00007ffc45f90000 - 0x00007ffc46011000 	C:\WINDOWS\System32\bcryptPrimitives.dll
0x00007ffc48880000 - 0x00007ffc488ae000 	C:\WINDOWS\System32\IMM32.DLL
0x0000000070490000 - 0x0000000070562000 	C:\Program Files\Android\Android Studio\jre\jre\bin\msvcr100.dll
0x0000000070650000 - 0x0000000070e9b000 	C:\Program Files\Android\Android Studio\jre\jre\bin\server\jvm.dll
0x00007ffc48240000 - 0x00007ffc48248000 	C:\WINDOWS\System32\PSAPI.DLL
0x00007ffc2d1a0000 - 0x00007ffc2d1a9000 	C:\WINDOWS\SYSTEM32\WSOCK32.dll
0x00007ffc48250000 - 0x00007ffc482bf000 	C:\WINDOWS\System32\WS2_32.dll
0x00007ffc43c90000 - 0x00007ffc43cb4000 	C:\WINDOWS\SYSTEM32\WINMM.dll
0x00007ffc3d560000 - 0x00007ffc3d56a000 	C:\WINDOWS\SYSTEM32\VERSION.dll
0x00007ffc43b80000 - 0x00007ffc43bad000 	C:\WINDOWS\SYSTEM32\winmmbase.dll
0x00007ffc46e40000 - 0x00007ffc46e8a000 	C:\WINDOWS\System32\cfgmgr32.dll
0x00007ffc40860000 - 0x00007ffc4086f000 	C:\Program Files\Android\Android Studio\jre\jre\bin\verify.dll
0x00007ffc24ac0000 - 0x00007ffc24ae9000 	C:\Program Files\Android\Android Studio\jre\jre\bin\java.dll
0x00007ffc40840000 - 0x00007ffc40856000 	C:\Program Files\Android\Android Studio\jre\jre\bin\zip.dll
0x00007ffc47a70000 - 0x00007ffc48157000 	C:\WINDOWS\System32\SHELL32.dll
0x00007ffc46fb0000 - 0x00007ffc47059000 	C:\WINDOWS\System32\shcore.dll
0x00007ffc46500000 - 0x00007ffc46c81000 	C:\WINDOWS\System32\windows.storage.dll
0x00007ffc45cd0000 - 0x00007ffc45cf3000 	C:\WINDOWS\System32\profapi.dll
0x00007ffc45d00000 - 0x00007ffc45d4a000 	C:\WINDOWS\System32\powrprof.dll
0x00007ffc45c80000 - 0x00007ffc45c90000 	C:\WINDOWS\System32\UMPDC.dll
0x00007ffc48820000 - 0x00007ffc48872000 	C:\WINDOWS\System32\shlwapi.dll
0x00007ffc45c90000 - 0x00007ffc45ca1000 	C:\WINDOWS\System32\kernel.appcore.dll
0x00007ffc46c90000 - 0x00007ffc46ca7000 	C:\WINDOWS\System32\cryptsp.dll
0x00007ffc17d40000 - 0x00007ffc17d5a000 	C:\Program Files\Android\Android Studio\jre\jre\bin\net.dll
0x00007ffc454d0000 - 0x00007ffc45537000 	C:\WINDOWS\system32\mswsock.dll
0x00007ffc17d20000 - 0x00007ffc17d33000 	C:\Program Files\Android\Android Studio\jre\jre\bin\nio.dll
0x00007ffc18140000 - 0x00007ffc18167000 	C:\Users\Rohan\.gradle\native\f6784746aeab05261644944871eae4fe03e0ef1612fff0a4a95f87b438bc6780\windows-amd64\native-platform.dll
0x00007ffc37880000 - 0x00007ffc3788d000 	C:\Program Files\Android\Android Studio\jre\jre\bin\management.dll
0x00007ffc44fe0000 - 0x00007ffc45013000 	C:\WINDOWS\system32\rsaenh.dll
0x00007ffc46e10000 - 0x00007ffc46e36000 	C:\WINDOWS\System32\bcrypt.dll
0x00007ffc45b60000 - 0x00007ffc45b85000 	C:\WINDOWS\SYSTEM32\USERENV.dll
0x00007ffc456a0000 - 0x00007ffc456ac000 	C:\WINDOWS\SYSTEM32\CRYPTBASE.dll
0x00007ffc451d0000 - 0x00007ffc4520a000 	C:\WINDOWS\SYSTEM32\IPHLPAPI.DLL
0x00007ffc48be0000 - 0x00007ffc48be8000 	C:\WINDOWS\System32\NSI.dll
0x00007ffc395c0000 - 0x00007ffc395d6000 	C:\WINDOWS\SYSTEM32\dhcpcsvc6.DLL
0x00007ffc39760000 - 0x00007ffc3977c000 	C:\WINDOWS\SYSTEM32\dhcpcsvc.DLL
0x00007ffc45210000 - 0x00007ffc452db000 	C:\WINDOWS\SYSTEM32\DNSAPI.dll
0x00007ffc3d170000 - 0x00007ffc3d17b000 	C:\WINDOWS\SYSTEM32\WINNSI.DLL
0x00007ffc145d0000 - 0x00007ffc145f4000 	C:\Program Files\Android\Android Studio\jre\jre\bin\sunec.dll
0x00007ffc3e5c0000 - 0x00007ffc3e5ca000 	C:\Windows\System32\rasadhlp.dll
0x00007ffc39150000 - 0x00007ffc391c7000 	C:\WINDOWS\System32\fwpuclnt.dll
0x00007ffc29fb0000 - 0x00007ffc29fbb000 	C:\Program Files\Android\Android Studio\jre\jre\bin\sunmscapi.dll
0x00007ffc46100000 - 0x00007ffc46249000 	C:\WINDOWS\System32\CRYPT32.dll
0x00007ffc45cb0000 - 0x00007ffc45cc2000 	C:\WINDOWS\System32\MSASN1.dll
0x00007ffc44cc0000 - 0x00007ffc44cf1000 	C:\WINDOWS\SYSTEM32\ntmarta.dll
0x00007ffc43ef0000 - 0x00007ffc43f7f000 	C:\WINDOWS\system32\apphelp.dll
0x00007ffc17b80000 - 0x00007ffc17d1c000 	C:\Program Files\Android\Android Studio\jre\jre\bin\awt.dll
0x00007ffc48520000 - 0x00007ffc485e5000 	C:\WINDOWS\System32\OLEAUT32.dll
0x00007ffc444d0000 - 0x00007ffc444fd000 	C:\WINDOWS\SYSTEM32\dwmapi.dll
0x00007ffc42910000 - 0x00007ffc42ed0000 	C:\WINDOWS\SYSTEM32\d2d1.dll
0x00007ffc43fc0000 - 0x00007ffc44059000 	C:\WINDOWS\system32\uxtheme.dll

VM Arguments:
jvm_args: -XX:MaxMetaspaceSize=256m -XX:+HeapDumpOnOutOfMemoryError -Xms256m -Xmx512m -Dfile.encoding=windows-1252 -Duser.country=IN -Duser.language=en -Duser.variant 
java_command: org.gradle.launcher.daemon.bootstrap.GradleDaemon 6.5
java_class_path (initial): C:\Users\Rohan\.gradle\wrapper\dists\gradle-6.5-bin\6nifqtx7604sqp1q6g8wikw7p\gradle-6.5\lib\gradle-launcher-6.5.jar
Launcher Type: SUN_STANDARD

Environment Variables:
PATH=C:\Program Files (x86)\Intel\Intel(R) Management Engine Components\iCLS\;C:\Program Files\Intel\Intel(R) Management Engine Components\iCLS\;C:\Windows\system32;C:\Windows;C:\Windows\System32\Wbem;C:\Windows\System32\WindowsPowerShell\v1.0\;C:\Program Files (x86)\Intel\Intel(R) Management Engine Components\DAL;C:\Program Files\Intel\Intel(R) Management Engine Components\DAL;C:\Program Files (x86)\Intel\Intel(R) Management Engine Components\IPT;C:\Program Files\Intel\Intel(R) Management Engine Components\IPT;C:\Program Files (x86)\NVIDIA Corporation\PhysX\Common;C:\Program Files\Intel\WiFi\bin\;C:\Program Files\Common Files\Intel\WirelessCommon\;C:\WINDOWS\system32;C:\WINDOWS;C:\WINDOWS\System32\Wbem;C:\WINDOWS\System32\WindowsPowerShell\v1.0\;C:\WINDOWS\System32\OpenSSH\;C:\Program Files\dotnet\;C:\Program Files\Microsoft SQL Server\130\Tools\Binn\;C:\Program Files\Microsoft SQL Server\Client SDK\ODBC\170\Tools\Binn\;C:\Program Files\MySQL\MySQL Shell 8.0\bin\;C:\Users\Rohan\anaconda3;C:\Users\Rohan\anaconda3\Library\mingw-w64\bin;C:\Users\Rohan\anaconda3\Library\usr\bin;C:\Users\Rohan\anaconda3\Library\bin;C:\Users\Rohan\anaconda3\Scripts;C:\Users\Rohan\AppData\Local\Programs\Python\Python38-32\Scripts\;C:\Users\Rohan\AppData\Local\Programs\Python\Python38-32\;C:\Users\Rohan\AppData\Local\Microsoft\WindowsApps;C:\Users\Rohan\.dotnet\tools
USERNAME=Rohan
OS=Windows_NT
PROCESSOR_IDENTIFIER=Intel64 Family 6 Model 158 Stepping 10, GenuineIntel



---------------  S Y S T E M  ---------------

OS: Windows 10.0 , 64 bit Build 18362 (10.0.18362.1110)

CPU:total 8 (initial active 8) (4 cores per cpu, 2 threads per core) family 6 model 158 stepping 10, cmov, cx8, fxsr, mmx, sse, sse2, sse3, ssse3, sse4.1, sse4.2, popcnt, avx, avx2, aes, clmul, erms, 3dnowpref, lzcnt, ht, tsc, tscinvbit, bmi1, bmi2, adx

Memory: 4k page, physical 8227124k(527492k free), swap 23710384k(4052k free)

vm_info: OpenJDK 64-Bit Server VM (25.242-b01) for windows-amd64 JRE (1.8.0_242-release-1644-b01), built by "builder" with MS VC++ 10.0 (VS2010)

time: Sun Dec 20 03:55:31 2020
timezone: India Standard Time
elapsed time: 195 seconds (0d 0h 3m 15s)

